<?xml version="1.0" encoding="UTF-8"?>
<testng-results skipped="0" failed="0" ignored="0" total="1" passed="1">
  <reporter-output>
  </reporter-output>
  <suite name="Default suite" duration-ms="18987" started-at="2022-08-24T12:13:05 IST" finished-at="2022-08-24T12:13:24 IST">
    <groups>
    </groups>
    <test name="Default test" duration-ms="18987" started-at="2022-08-24T12:13:05 IST" finished-at="2022-08-24T12:13:24 IST">
      <class name="orangeTestCases.TC001_Login">
        <test-method status="PASS" signature="startOrangehrm()[pri:0, instance:orangeTestCases.TC001_Login@704921a5]" name="startOrangehrm" is-config="true" duration-ms="8299" started-at="2022-08-24T12:13:05 IST" finished-at="2022-08-24T12:13:14 IST">
          <reporter-output>
          </reporter-output>
        </test-method> <!-- startOrangehrm -->
        <test-method status="PASS" signature="hpTest()[pri:0, instance:orangeTestCases.TC001_Login@704921a5]" name="hpTest" duration-ms="10609" started-at="2022-08-24T12:13:14 IST" finished-at="2022-08-24T12:13:24 IST">
          <reporter-output>
          </reporter-output>
        </test-method> <!-- hpTest -->
        <test-method status="PASS" signature="closeApp()[pri:0, instance:orangeTestCases.TC001_Login@704921a5]" name="closeApp" is-config="true" duration-ms="5" started-at="2022-08-24T12:13:24 IST" finished-at="2022-08-24T12:13:24 IST">
          <reporter-output>
          </reporter-output>
        </test-method> <!-- closeApp -->
      </class> <!-- orangeTestCases.TC001_Login -->
    </test> <!-- Default test -->
  </suite> <!-- Default suite -->
</testng-results>
