<?xml version="1.0" encoding="UTF-8"?>
<!-- Generated by org.testng.reporters.JUnitXMLReporter -->
<testsuite hostname="DESKTOP-45J4RD0" ignored="0" name="Default test" tests="3" failures="0" timestamp="2022-08-22T12:35:52 IST" time="41.391" errors="0">
  <testcase name="hpTest" time="1.445" classname="org.rupeek.test.TC001_homepage"/>
  <testcase name="hp1test" time="1.304" classname="org.rupeek.test.TC001_homepage"/>
  <testcase name="hp2test" time="4.932" classname="org.rupeek.test.TC001_homepage"/>
</testsuite> <!-- Default test -->
