<?xml version="1.0" encoding="UTF-8"?>
<testng-results skipped="0" failed="0" ignored="0" total="1" passed="1">
  <reporter-output>
  </reporter-output>
  <suite name="Default suite" duration-ms="11062" started-at="2022-04-16T14:20:08 IST" finished-at="2022-04-16T14:20:19 IST">
    <groups>
    </groups>
    <test name="Default test" duration-ms="11062" started-at="2022-04-16T14:20:08 IST" finished-at="2022-04-16T14:20:19 IST">
      <class name="javaprojects.scroll_test">
        <test-method status="PASS" signature="Bt()[pri:0, instance:javaprojects.scroll_test@33723e30]" name="Bt" is-config="true" duration-ms="3324" started-at="2022-04-16T14:20:08 IST" finished-at="2022-04-16T14:20:12 IST">
          <reporter-output>
          </reporter-output>
        </test-method> <!-- Bt -->
        <test-method status="PASS" signature="tt()[pri:0, instance:javaprojects.scroll_test@33723e30]" name="tt" duration-ms="7655" started-at="2022-04-16T14:20:12 IST" finished-at="2022-04-16T14:20:19 IST">
          <reporter-output>
          </reporter-output>
        </test-method> <!-- tt -->
      </class> <!-- javaprojects.scroll_test -->
    </test> <!-- Default test -->
  </suite> <!-- Default suite -->
</testng-results>
