<?xml version="1.0" encoding="UTF-8"?>
<testng-results skipped="0" failed="0" total="2" passed="2">
  <reporter-output>
  </reporter-output>
  <suite name="Default suite" duration-ms="30297" started-at="2022-04-04T12:28:24Z" finished-at="2022-04-04T12:28:54Z">
    <groups>
    </groups>
    <test name="Default test" duration-ms="30297" started-at="2022-04-04T12:28:24Z" finished-at="2022-04-04T12:28:54Z">
      <class name="selenium.NewTest">
        <test-method status="PASS" signature="beforeClass()[pri:0, instance:selenium.NewTest@7ee955a8]" name="beforeClass" is-config="true" duration-ms="1557" started-at="2022-04-04T17:58:24Z" finished-at="2022-04-04T17:58:25Z">
          <reporter-output>
          </reporter-output>
        </test-method> <!-- beforeClass -->
        <test-method status="PASS" signature="f(java.lang.String, java.lang.String)[pri:0, instance:selenium.NewTest@7ee955a8]" name="f" duration-ms="16913" started-at="2022-04-04T17:58:25Z" data-provider="dp" finished-at="2022-04-04T17:58:42Z">
          <params>
            <param index="0">
              <value>
                <![CDATA[Admin]]>
              </value>
            </param>
            <param index="1">
              <value>
                <![CDATA[admin123]]>
              </value>
            </param>
          </params>
          <reporter-output>
          </reporter-output>
        </test-method> <!-- f -->
        <test-method status="PASS" signature="f(java.lang.String, java.lang.String)[pri:0, instance:selenium.NewTest@7ee955a8]" name="f" duration-ms="11639" started-at="2022-04-04T17:58:42Z" data-provider="dp" finished-at="2022-04-04T17:58:54Z">
          <params>
            <param index="0">
              <value>
                <![CDATA[Admin]]>
              </value>
            </param>
            <param index="1">
              <value>
                <![CDATA[admin123]]>
              </value>
            </param>
          </params>
          <reporter-output>
          </reporter-output>
        </test-method> <!-- f -->
        <test-method status="PASS" signature="afterClass()[pri:0, instance:selenium.NewTest@7ee955a8]" name="afterClass" is-config="true" duration-ms="169" started-at="2022-04-04T17:58:54Z" finished-at="2022-04-04T17:58:54Z">
          <reporter-output>
          </reporter-output>
        </test-method> <!-- afterClass -->
      </class> <!-- selenium.NewTest -->
    </test> <!-- Default test -->
  </suite> <!-- Default suite -->
</testng-results>
