<?xml version="1.0" encoding="UTF-8"?>
<testng-results skipped="0" failed="0" ignored="0" total="1" passed="1">
  <reporter-output>
  </reporter-output>
  <suite name="Default suite" duration-ms="14418" started-at="2022-03-31T08:30:37 IST" finished-at="2022-03-31T08:30:52 IST">
    <groups>
    </groups>
    <test name="Default test" duration-ms="14418" started-at="2022-03-31T08:30:37 IST" finished-at="2022-03-31T08:30:52 IST">
      <class name="windowschanging.testingt">
        <test-method status="PASS" signature="Bt()[pri:0, instance:windowschanging.testingt@396f6598]" name="Bt" duration-ms="14380" started-at="2022-03-31T08:30:37 IST" finished-at="2022-03-31T08:30:52 IST">
          <reporter-output>
          </reporter-output>
        </test-method> <!-- Bt -->
      </class> <!-- windowschanging.testingt -->
    </test> <!-- Default test -->
  </suite> <!-- Default suite -->
</testng-results>
