<?xml version="1.0" encoding="UTF-8"?>
<testng-results skipped="0" failed="0" ignored="0" total="1" passed="1">
  <reporter-output>
  </reporter-output>
  <suite name="Default suite" duration-ms="12226" started-at="2022-08-18T12:06:59Z" finished-at="2022-08-18T12:07:11Z">
    <groups>
    </groups>
    <test name="Default test" duration-ms="12226" started-at="2022-08-18T12:06:59Z" finished-at="2022-08-18T12:07:11Z">
      <class name="seleium.dd2">
        <test-method status="PASS" signature="test()[pri:0, instance:seleium.dd2@28eaa59a]" name="test" duration-ms="12164" started-at="2022-08-18T12:06:59Z" finished-at="2022-08-18T12:07:11Z">
          <reporter-output>
          </reporter-output>
        </test-method> <!-- test -->
      </class> <!-- seleium.dd2 -->
    </test> <!-- Default test -->
  </suite> <!-- Default suite -->
</testng-results>
